2025-12-12 17:27:36,665 WARN  [main] util.NativeCodeLoader (NativeCodeLoader.java:<clinit>(60)) - Unable to load native-hadoop library for your platform... using builtin-java classes where applicable
2025-12-12 17:27:37,006 INFO  [main] impl.MetricsConfig (MetricsConfig.java:loadFirst(122)) - Loaded properties from hadoop-metrics2.properties
2025-12-12 17:27:37,272 INFO  [main] impl.MetricsSystemImpl (MetricsSystemImpl.java:startTimer(378)) - Scheduled Metric snapshot period at 0 second(s).
2025-12-12 17:27:37,272 INFO  [main] impl.MetricsSystemImpl (MetricsSystemImpl.java:start(191)) - JobTracker metrics system started
2025-12-12 17:27:37,441 WARN  [main] mapreduce.JobResourceUploader (JobResourceUploader.java:uploadResourcesInternal(149)) - Hadoop command-line option parsing not performed. Implement the Tool interface and execute your application with ToolRunner to remedy this.
2025-12-12 17:27:37,613 INFO  [main] input.FileInputFormat (FileInputFormat.java:listStatus(302)) - Total input files to process : 1
2025-12-12 17:27:37,725 INFO  [main] mapreduce.JobSubmitter (JobSubmitter.java:submitJobInternal(203)) - number of splits:1
2025-12-12 17:27:38,158 INFO  [main] mapreduce.JobSubmitter (JobSubmitter.java:printTokens(299)) - Submitting tokens for job: job_local555516284_0001
2025-12-12 17:27:38,159 INFO  [main] mapreduce.JobSubmitter (JobSubmitter.java:printTokens(300)) - Executing with tokens: []
2025-12-12 17:27:38,665 INFO  [main] mapreduce.Job (Job.java:submit(1681)) - The url to track the job: http://localhost:8080/
2025-12-12 17:27:38,695 INFO  [main] mapreduce.Job (Job.java:monitorAndPrintJob(1726)) - Running job: job_local555516284_0001
2025-12-12 17:27:38,697 INFO  [Thread-25] mapred.LocalJobRunner (LocalJobRunner.java:createOutputCommitter(501)) - OutputCommitter set in config null
2025-12-12 17:27:38,718 INFO  [Thread-25] output.PathOutputCommitterFactory (PathOutputCommitterFactory.java:getCommitterFactory(174)) - No output committer factory defined, defaulting to FileOutputCommitterFactory
2025-12-12 17:27:38,720 INFO  [Thread-25] output.FileOutputCommitter (FileOutputCommitter.java:<init>(142)) - File Output Committer Algorithm version is 2
2025-12-12 17:27:38,720 INFO  [Thread-25] output.FileOutputCommitter (FileOutputCommitter.java:<init>(157)) - FileOutputCommitter skip cleanup _temporary folders under output directory:false, ignore cleanup failures: false
2025-12-12 17:27:38,724 INFO  [Thread-25] mapred.LocalJobRunner (LocalJobRunner.java:createOutputCommitter(519)) - OutputCommitter is org.apache.hadoop.mapreduce.lib.output.FileOutputCommitter
2025-12-12 17:27:38,818 INFO  [LocalJobRunner Map Task Executor #0] mapred.LocalJobRunner (LocalJobRunner.java:run(252)) - Starting task: attempt_local555516284_0001_m_000000_0
2025-12-12 17:27:38,820 INFO  [Thread-25] mapred.LocalJobRunner (LocalJobRunner.java:runTasks(478)) - Waiting for map tasks
2025-12-12 17:27:38,863 INFO  [LocalJobRunner Map Task Executor #0] output.PathOutputCommitterFactory (PathOutputCommitterFactory.java:getCommitterFactory(174)) - No output committer factory defined, defaulting to FileOutputCommitterFactory
2025-12-12 17:27:38,864 INFO  [LocalJobRunner Map Task Executor #0] output.FileOutputCommitter (FileOutputCommitter.java:<init>(142)) - File Output Committer Algorithm version is 2
2025-12-12 17:27:38,864 INFO  [LocalJobRunner Map Task Executor #0] output.FileOutputCommitter (FileOutputCommitter.java:<init>(157)) - FileOutputCommitter skip cleanup _temporary folders under output directory:false, ignore cleanup failures: false
2025-12-12 17:27:38,904 INFO  [LocalJobRunner Map Task Executor #0] mapred.Task (Task.java:initialize(626)) -  Using ResourceCalculatorProcessTree : [ ]
2025-12-12 17:27:38,912 INFO  [LocalJobRunner Map Task Executor #0] mapred.MapTask (MapTask.java:runNewMapper(769)) - Processing split: file:/home/hadoop/healthcare-hadoop/input/patient_visits.csv:0+2044
2025-12-12 17:27:39,016 INFO  [LocalJobRunner Map Task Executor #0] mapred.MapTask (MapTask.java:setEquator(1230)) - (EQUATOR) 0 kvi 26214396(104857584)
2025-12-12 17:27:39,017 INFO  [LocalJobRunner Map Task Executor #0] mapred.MapTask (MapTask.java:init(1023)) - mapreduce.task.io.sort.mb: 100
2025-12-12 17:27:39,017 INFO  [LocalJobRunner Map Task Executor #0] mapred.MapTask (MapTask.java:init(1024)) - soft limit at 83886080
2025-12-12 17:27:39,017 INFO  [LocalJobRunner Map Task Executor #0] mapred.MapTask (MapTask.java:init(1025)) - bufstart = 0; bufvoid = 104857600
2025-12-12 17:27:39,017 INFO  [LocalJobRunner Map Task Executor #0] mapred.MapTask (MapTask.java:init(1026)) - kvstart = 26214396; length = 6553600
2025-12-12 17:27:39,026 INFO  [LocalJobRunner Map Task Executor #0] mapred.MapTask (MapTask.java:createSortingCollector(410)) - Map output collector class = org.apache.hadoop.mapred.MapTask$MapOutputBuffer
2025-12-12 17:27:39,084 INFO  [LocalJobRunner Map Task Executor #0] mapred.LocalJobRunner (LocalJobRunner.java:statusUpdate(634)) - 
2025-12-12 17:27:39,085 INFO  [LocalJobRunner Map Task Executor #0] mapred.MapTask (MapTask.java:flush(1487)) - Starting flush of map output
2025-12-12 17:27:39,086 INFO  [LocalJobRunner Map Task Executor #0] mapred.MapTask (MapTask.java:flush(1509)) - Spilling map output
2025-12-12 17:27:39,086 INFO  [LocalJobRunner Map Task Executor #0] mapred.MapTask (MapTask.java:flush(1510)) - bufstart = 0; bufend = 320; bufvoid = 104857600
2025-12-12 17:27:39,086 INFO  [LocalJobRunner Map Task Executor #0] mapred.MapTask (MapTask.java:flush(1512)) - kvstart = 26214396(104857584); kvend = 26214360(104857440); length = 37/6553600
2025-12-12 17:27:39,135 INFO  [LocalJobRunner Map Task Executor #0] mapred.MapTask (MapTask.java:sortAndSpill(1710)) - Finished spill 0
2025-12-12 17:27:39,171 INFO  [LocalJobRunner Map Task Executor #0] mapred.Task (Task.java:done(1244)) - Task:attempt_local555516284_0001_m_000000_0 is done. And is in the process of committing
2025-12-12 17:27:39,176 INFO  [LocalJobRunner Map Task Executor #0] mapred.LocalJobRunner (LocalJobRunner.java:statusUpdate(634)) - map
2025-12-12 17:27:39,176 INFO  [LocalJobRunner Map Task Executor #0] mapred.Task (Task.java:sendDone(1380)) - Task 'attempt_local555516284_0001_m_000000_0' done.
2025-12-12 17:27:39,186 INFO  [LocalJobRunner Map Task Executor #0] mapred.Task (Task.java:done(1276)) - Final Counters for attempt_local555516284_0001_m_000000_0: Counters: 17
	File System Counters
		FILE: Number of bytes read=16444
		FILE: Number of bytes written=726898
		FILE: Number of read operations=0
		FILE: Number of large read operations=0
		FILE: Number of write operations=0
	Map-Reduce Framework
		Map input records=111
		Map output records=10
		Map output bytes=320
		Map output materialized bytes=346
		Input split bytes=125
		Combine input records=0
		Spilled Records=10
		Failed Shuffles=0
		Merged Map outputs=0
		GC time elapsed (ms)=17
		Total committed heap usage (bytes)=261095424
	File Input Format Counters 
		Bytes Read=2044
2025-12-12 17:27:39,187 INFO  [LocalJobRunner Map Task Executor #0] mapred.LocalJobRunner (LocalJobRunner.java:run(277)) - Finishing task: attempt_local555516284_0001_m_000000_0
2025-12-12 17:27:39,191 INFO  [Thread-25] mapred.LocalJobRunner (LocalJobRunner.java:runTasks(486)) - map task executor complete.
2025-12-12 17:27:39,233 INFO  [pool-4-thread-1] mapred.LocalJobRunner (LocalJobRunner.java:run(330)) - Starting task: attempt_local555516284_0001_r_000000_0
2025-12-12 17:27:39,234 INFO  [Thread-25] mapred.LocalJobRunner (LocalJobRunner.java:runTasks(478)) - Waiting for reduce tasks
2025-12-12 17:27:39,308 INFO  [pool-4-thread-1] output.PathOutputCommitterFactory (PathOutputCommitterFactory.java:getCommitterFactory(174)) - No output committer factory defined, defaulting to FileOutputCommitterFactory
2025-12-12 17:27:39,308 INFO  [pool-4-thread-1] output.FileOutputCommitter (FileOutputCommitter.java:<init>(142)) - File Output Committer Algorithm version is 2
2025-12-12 17:27:39,309 INFO  [pool-4-thread-1] output.FileOutputCommitter (FileOutputCommitter.java:<init>(157)) - FileOutputCommitter skip cleanup _temporary folders under output directory:false, ignore cleanup failures: false
2025-12-12 17:27:39,310 INFO  [pool-4-thread-1] mapred.Task (Task.java:initialize(626)) -  Using ResourceCalculatorProcessTree : [ ]
2025-12-12 17:27:39,314 INFO  [pool-4-thread-1] mapred.ReduceTask (ReduceTask.java:run(363)) - Using ShuffleConsumerPlugin: org.apache.hadoop.mapreduce.task.reduce.Shuffle@47a451f4
2025-12-12 17:27:39,317 WARN  [pool-4-thread-1] impl.MetricsSystemImpl (MetricsSystemImpl.java:init(151)) - JobTracker metrics system already initialized!
2025-12-12 17:27:39,362 INFO  [pool-4-thread-1] reduce.MergeManagerImpl (MergeManagerImpl.java:<init>(208)) - MergerManager: memoryLimit=751619264, maxSingleShuffleLimit=187904816, mergeThreshold=496068736, ioSortFactor=10, memToMemMergeOutputsThreshold=10
2025-12-12 17:27:39,366 INFO  [EventFetcher for fetching Map Completion Events] reduce.EventFetcher (EventFetcher.java:run(61)) - attempt_local555516284_0001_r_000000_0 Thread started: EventFetcher for fetching Map Completion Events
2025-12-12 17:27:39,447 INFO  [localfetcher#1] reduce.LocalFetcher (LocalFetcher.java:copyMapOutput(147)) - localfetcher#1 about to shuffle output of map attempt_local555516284_0001_m_000000_0 decomp: 342 len: 346 to MEMORY
2025-12-12 17:27:39,455 INFO  [localfetcher#1] reduce.InMemoryMapOutput (InMemoryMapOutput.java:doShuffle(94)) - Read 342 bytes from map-output for attempt_local555516284_0001_m_000000_0
2025-12-12 17:27:39,460 INFO  [localfetcher#1] reduce.MergeManagerImpl (MergeManagerImpl.java:closeInMemoryFile(323)) - closeInMemoryFile -> map-output of size: 342, inMemoryMapOutputs.size() -> 1, commitMemory -> 0, usedMemory ->342
2025-12-12 17:27:39,463 INFO  [EventFetcher for fetching Map Completion Events] reduce.EventFetcher (EventFetcher.java:run(76)) - EventFetcher is interrupted.. Returning
2025-12-12 17:27:39,468 INFO  [pool-4-thread-1] mapred.LocalJobRunner (LocalJobRunner.java:statusUpdate(634)) - 1 / 1 copied.
2025-12-12 17:27:39,470 INFO  [pool-4-thread-1] reduce.MergeManagerImpl (MergeManagerImpl.java:finalMerge(699)) - finalMerge called with 1 in-memory map-outputs and 0 on-disk map-outputs
2025-12-12 17:27:39,509 INFO  [pool-4-thread-1] mapred.Merger (Merger.java:merge(607)) - Merging 1 sorted segments
2025-12-12 17:27:39,511 INFO  [pool-4-thread-1] mapred.Merger (Merger.java:merge(706)) - Down to the last merge-pass, with 1 segments left of total size: 336 bytes
2025-12-12 17:27:39,546 INFO  [pool-4-thread-1] reduce.MergeManagerImpl (MergeManagerImpl.java:finalMerge(768)) - Merged 1 segments, 342 bytes to disk to satisfy reduce memory limit
2025-12-12 17:27:39,550 INFO  [pool-4-thread-1] reduce.MergeManagerImpl (MergeManagerImpl.java:finalMerge(798)) - Merging 1 files, 346 bytes from disk
2025-12-12 17:27:39,551 INFO  [pool-4-thread-1] reduce.MergeManagerImpl (MergeManagerImpl.java:finalMerge(813)) - Merging 0 segments, 0 bytes from memory into reduce
2025-12-12 17:27:39,551 INFO  [pool-4-thread-1] mapred.Merger (Merger.java:merge(607)) - Merging 1 sorted segments
2025-12-12 17:27:39,564 INFO  [pool-4-thread-1] mapred.Merger (Merger.java:merge(706)) - Down to the last merge-pass, with 1 segments left of total size: 336 bytes
2025-12-12 17:27:39,566 INFO  [pool-4-thread-1] mapred.LocalJobRunner (LocalJobRunner.java:statusUpdate(634)) - 1 / 1 copied.
2025-12-12 17:27:39,687 INFO  [pool-4-thread-1] Configuration.deprecation (Configuration.java:logDeprecation(1460)) - mapred.skip.on is deprecated. Instead, use mapreduce.job.skiprecords
2025-12-12 17:27:39,714 INFO  [main] mapreduce.Job (Job.java:monitorAndPrintJob(1747)) - Job job_local555516284_0001 running in uber mode : false
2025-12-12 17:27:39,718 INFO  [main] mapreduce.Job (Job.java:monitorAndPrintJob(1754)) -  map 100% reduce 0%
2025-12-12 17:27:39,722 INFO  [pool-4-thread-1] mapred.Task (Task.java:done(1244)) - Task:attempt_local555516284_0001_r_000000_0 is done. And is in the process of committing
2025-12-12 17:27:39,726 INFO  [pool-4-thread-1] mapred.LocalJobRunner (LocalJobRunner.java:statusUpdate(634)) - 1 / 1 copied.
2025-12-12 17:27:39,727 INFO  [pool-4-thread-1] mapred.Task (Task.java:commit(1421)) - Task attempt_local555516284_0001_r_000000_0 is allowed to commit now
2025-12-12 17:27:39,737 INFO  [pool-4-thread-1] output.FileOutputCommitter (FileOutputCommitter.java:commitTask(609)) - Saved output of task 'attempt_local555516284_0001_r_000000_0' to file:/home/hadoop/healthcare-hadoop/output/readmission
2025-12-12 17:27:39,757 INFO  [pool-4-thread-1] mapred.LocalJobRunner (LocalJobRunner.java:statusUpdate(634)) - reduce > reduce
2025-12-12 17:27:39,760 INFO  [pool-4-thread-1] mapred.Task (Task.java:sendDone(1380)) - Task 'attempt_local555516284_0001_r_000000_0' done.
2025-12-12 17:27:39,764 INFO  [pool-4-thread-1] mapred.Task (Task.java:done(1276)) - Final Counters for attempt_local555516284_0001_r_000000_0: Counters: 24
	File System Counters
		FILE: Number of bytes read=17168
		FILE: Number of bytes written=727514
		FILE: Number of read operations=0
		FILE: Number of large read operations=0
		FILE: Number of write operations=0
	Map-Reduce Framework
		Combine input records=0
		Combine output records=0
		Reduce input groups=9
		Reduce shuffle bytes=346
		Reduce input records=10
		Reduce output records=10
		Spilled Records=10
		Shuffled Maps =1
		Failed Shuffles=0
		Merged Map outputs=1
		GC time elapsed (ms)=0
		Total committed heap usage (bytes)=261095424
	Shuffle Errors
		BAD_ID=0
		CONNECTION=0
		IO_ERROR=0
		WRONG_LENGTH=0
		WRONG_MAP=0
		WRONG_REDUCE=0
	File Output Format Counters 
		Bytes Written=270
2025-12-12 17:27:39,765 INFO  [pool-4-thread-1] mapred.LocalJobRunner (LocalJobRunner.java:run(353)) - Finishing task: attempt_local555516284_0001_r_000000_0
2025-12-12 17:27:39,765 INFO  [Thread-25] mapred.LocalJobRunner (LocalJobRunner.java:runTasks(486)) - reduce task executor complete.
2025-12-12 17:27:40,720 INFO  [main] mapreduce.Job (Job.java:monitorAndPrintJob(1754)) -  map 100% reduce 100%
2025-12-12 17:27:40,723 INFO  [main] mapreduce.Job (Job.java:monitorAndPrintJob(1765)) - Job job_local555516284_0001 completed successfully
2025-12-12 17:27:40,737 INFO  [main] mapreduce.Job (Job.java:monitorAndPrintJob(1772)) - Counters: 30
	File System Counters
		FILE: Number of bytes read=33612
		FILE: Number of bytes written=1454412
		FILE: Number of read operations=0
		FILE: Number of large read operations=0
		FILE: Number of write operations=0
	Map-Reduce Framework
		Map input records=111
		Map output records=10
		Map output bytes=320
		Map output materialized bytes=346
		Input split bytes=125
		Combine input records=0
		Combine output records=0
		Reduce input groups=9
		Reduce shuffle bytes=346
		Reduce input records=10
		Reduce output records=10
		Spilled Records=20
		Shuffled Maps =1
		Failed Shuffles=0
		Merged Map outputs=1
		GC time elapsed (ms)=17
		Total committed heap usage (bytes)=522190848
	Shuffle Errors
		BAD_ID=0
		CONNECTION=0
		IO_ERROR=0
		WRONG_LENGTH=0
		WRONG_MAP=0
		WRONG_REDUCE=0
	File Input Format Counters 
		Bytes Read=2044
	File Output Format Counters 
		Bytes Written=270
