>>> Downloading latest patient_visits.csv from Google Sheets...
>>> Running Length of Stay KPI...
WARNING: HADOOP_PREFIX has been replaced by HADOOP_HOME. Using value of HADOOP_PREFIX.
2025-12-12 15:55:26,112 INFO impl.MetricsConfig: Loaded properties from hadoop-metrics2.properties
2025-12-12 15:55:26,815 INFO impl.MetricsSystemImpl: Scheduled Metric snapshot period at 10 second(s).
2025-12-12 15:55:26,816 INFO impl.MetricsSystemImpl: JobTracker metrics system started
Exception in thread "main" java.net.ConnectException: Call From vbox/10.0.2.15 to vbox:9000 failed on connection exception: java.net.ConnectException: Connection refused; For more details see:  http://wiki.apache.org/hadoop/ConnectionRefused
	at java.base/jdk.internal.reflect.NativeConstructorAccessorImpl.newInstance0(Native Method)
	at java.base/jdk.internal.reflect.NativeConstructorAccessorImpl.newInstance(NativeConstructorAccessorImpl.java:62)
	at java.base/jdk.internal.reflect.DelegatingConstructorAccessorImpl.newInstance(DelegatingConstructorAccessorImpl.java:45)
	at java.base/java.lang.reflect.Constructor.newInstance(Constructor.java:490)
	at org.apache.hadoop.net.NetUtils.wrapWithMessage(NetUtils.java:948)
	at org.apache.hadoop.net.NetUtils.wrapException(NetUtils.java:863)
	at org.apache.hadoop.ipc.Client.getRpcResponse(Client.java:1588)
	at org.apache.hadoop.ipc.Client.call(Client.java:1529)
	at org.apache.hadoop.ipc.Client.call(Client.java:1426)
	at org.apache.hadoop.ipc.ProtobufRpcEngine2$Invoker.invoke(ProtobufRpcEngine2.java:258)
	at org.apache.hadoop.ipc.ProtobufRpcEngine2$Invoker.invoke(ProtobufRpcEngine2.java:139)
	at com.sun.proxy.$Proxy12.getFileInfo(Unknown Source)
	at org.apache.hadoop.hdfs.protocolPB.ClientNamenodeProtocolTranslatorPB.lambda$getFileInfo$41(ClientNamenodeProtocolTranslatorPB.java:820)
	at org.apache.hadoop.ipc.internal.ShadedProtobufHelper.ipc(ShadedProtobufHelper.java:160)
	at org.apache.hadoop.hdfs.protocolPB.ClientNamenodeProtocolTranslatorPB.getFileInfo(ClientNamenodeProtocolTranslatorPB.java:820)
	at java.base/jdk.internal.reflect.NativeMethodAccessorImpl.invoke0(Native Method)
	at java.base/jdk.internal.reflect.NativeMethodAccessorImpl.invoke(NativeMethodAccessorImpl.java:62)
	at java.base/jdk.internal.reflect.DelegatingMethodAccessorImpl.invoke(DelegatingMethodAccessorImpl.java:43)
	at java.base/java.lang.reflect.Method.invoke(Method.java:566)
	at org.apache.hadoop.io.retry.RetryInvocationHandler.invokeMethod(RetryInvocationHandler.java:437)
	at org.apache.hadoop.io.retry.RetryInvocationHandler$Call.invokeMethod(RetryInvocationHandler.java:170)
	at org.apache.hadoop.io.retry.RetryInvocationHandler$Call.invoke(RetryInvocationHandler.java:162)
	at org.apache.hadoop.io.retry.RetryInvocationHandler$Call.invokeOnce(RetryInvocationHandler.java:100)
	at org.apache.hadoop.io.retry.RetryInvocationHandler.invoke(RetryInvocationHandler.java:366)
	at com.sun.proxy.$Proxy13.getFileInfo(Unknown Source)
	at org.apache.hadoop.hdfs.DFSClient.getFileInfo(DFSClient.java:1770)
	at org.apache.hadoop.hdfs.DistributedFileSystem$29.doCall(DistributedFileSystem.java:1828)
	at org.apache.hadoop.hdfs.DistributedFileSystem$29.doCall(DistributedFileSystem.java:1825)
	at org.apache.hadoop.fs.FileSystemLinkResolver.resolve(FileSystemLinkResolver.java:81)
	at org.apache.hadoop.hdfs.DistributedFileSystem.getFileStatus(DistributedFileSystem.java:1840)
	at org.apache.hadoop.fs.FileSystem.exists(FileSystem.java:1860)
	at org.apache.hadoop.mapreduce.lib.output.FileOutputFormat.checkOutputSpecs(FileOutputFormat.java:163)
	at org.apache.hadoop.mapreduce.JobSubmitter.checkSpecs(JobSubmitter.java:278)
	at org.apache.hadoop.mapreduce.JobSubmitter.submitJobInternal(JobSubmitter.java:142)
	at org.apache.hadoop.mapreduce.Job$11.run(Job.java:1677)
	at org.apache.hadoop.mapreduce.Job$11.run(Job.java:1674)
	at java.base/java.security.AccessController.doPrivileged(Native Method)
	at java.base/javax.security.auth.Subject.doAs(Subject.java:423)
	at org.apache.hadoop.security.UserGroupInformation.doAs(UserGroupInformation.java:1953)
	at org.apache.hadoop.mapreduce.Job.submit(Job.java:1674)
	at org.apache.hadoop.mapreduce.Job.waitForCompletion(Job.java:1695)
	at org.healthcare.kpi.LengthOfStayMR.main(LengthOfStayMR.java:142)
	at java.base/jdk.internal.reflect.NativeMethodAccessorImpl.invoke0(Native Method)
	at java.base/jdk.internal.reflect.NativeMethodAccessorImpl.invoke(NativeMethodAccessorImpl.java:62)
	at java.base/jdk.internal.reflect.DelegatingMethodAccessorImpl.invoke(DelegatingMethodAccessorImpl.java:43)
	at java.base/java.lang.reflect.Method.invoke(Method.java:566)
	at org.apache.hadoop.util.RunJar.run(RunJar.java:330)
	at org.apache.hadoop.util.RunJar.main(RunJar.java:245)
Caused by: java.net.ConnectException: Connection refused
	at java.base/sun.nio.ch.SocketChannelImpl.checkConnect(Native Method)
	at java.base/sun.nio.ch.SocketChannelImpl.finishConnect(SocketChannelImpl.java:777)
	at org.apache.hadoop.net.SocketIOWithTimeout.connect(SocketIOWithTimeout.java:205)
	at org.apache.hadoop.net.NetUtils.connect(NetUtils.java:601)
	at org.apache.hadoop.ipc.Client$Connection.setupConnection(Client.java:668)
	at org.apache.hadoop.ipc.Client$Connection.setupIOstreams(Client.java:789)
	at org.apache.hadoop.ipc.Client$Connection.access$3800(Client.java:364)
	at org.apache.hadoop.ipc.Client.getConnection(Client.java:1649)
	at org.apache.hadoop.ipc.Client.call(Client.java:1473)
	... 40 more
>>> Running Frequent Diagnoses KPI...
WARNING: HADOOP_PREFIX has been replaced by HADOOP_HOME. Using value of HADOOP_PREFIX.
2025-12-12 15:55:33,494 INFO impl.MetricsConfig: Loaded properties from hadoop-metrics2.properties
2025-12-12 15:55:34,150 INFO impl.MetricsSystemImpl: Scheduled Metric snapshot period at 10 second(s).
2025-12-12 15:55:34,155 INFO impl.MetricsSystemImpl: JobTracker metrics system started
Exception in thread "main" java.net.ConnectException: Call From vbox/10.0.2.15 to vbox:9000 failed on connection exception: java.net.ConnectException: Connection refused; For more details see:  http://wiki.apache.org/hadoop/ConnectionRefused
	at java.base/jdk.internal.reflect.NativeConstructorAccessorImpl.newInstance0(Native Method)
	at java.base/jdk.internal.reflect.NativeConstructorAccessorImpl.newInstance(NativeConstructorAccessorImpl.java:62)
	at java.base/jdk.internal.reflect.DelegatingConstructorAccessorImpl.newInstance(DelegatingConstructorAccessorImpl.java:45)
	at java.base/java.lang.reflect.Constructor.newInstance(Constructor.java:490)
	at org.apache.hadoop.net.NetUtils.wrapWithMessage(NetUtils.java:948)
	at org.apache.hadoop.net.NetUtils.wrapException(NetUtils.java:863)
	at org.apache.hadoop.ipc.Client.getRpcResponse(Client.java:1588)
	at org.apache.hadoop.ipc.Client.call(Client.java:1529)
	at org.apache.hadoop.ipc.Client.call(Client.java:1426)
	at org.apache.hadoop.ipc.ProtobufRpcEngine2$Invoker.invoke(ProtobufRpcEngine2.java:258)
	at org.apache.hadoop.ipc.ProtobufRpcEngine2$Invoker.invoke(ProtobufRpcEngine2.java:139)
	at com.sun.proxy.$Proxy12.getFileInfo(Unknown Source)
	at org.apache.hadoop.hdfs.protocolPB.ClientNamenodeProtocolTranslatorPB.lambda$getFileInfo$41(ClientNamenodeProtocolTranslatorPB.java:820)
	at org.apache.hadoop.ipc.internal.ShadedProtobufHelper.ipc(ShadedProtobufHelper.java:160)
	at org.apache.hadoop.hdfs.protocolPB.ClientNamenodeProtocolTranslatorPB.getFileInfo(ClientNamenodeProtocolTranslatorPB.java:820)
	at java.base/jdk.internal.reflect.NativeMethodAccessorImpl.invoke0(Native Method)
	at java.base/jdk.internal.reflect.NativeMethodAccessorImpl.invoke(NativeMethodAccessorImpl.java:62)
	at java.base/jdk.internal.reflect.DelegatingMethodAccessorImpl.invoke(DelegatingMethodAccessorImpl.java:43)
	at java.base/java.lang.reflect.Method.invoke(Method.java:566)
	at org.apache.hadoop.io.retry.RetryInvocationHandler.invokeMethod(RetryInvocationHandler.java:437)
	at org.apache.hadoop.io.retry.RetryInvocationHandler$Call.invokeMethod(RetryInvocationHandler.java:170)
	at org.apache.hadoop.io.retry.RetryInvocationHandler$Call.invoke(RetryInvocationHandler.java:162)
	at org.apache.hadoop.io.retry.RetryInvocationHandler$Call.invokeOnce(RetryInvocationHandler.java:100)
	at org.apache.hadoop.io.retry.RetryInvocationHandler.invoke(RetryInvocationHandler.java:366)
	at com.sun.proxy.$Proxy13.getFileInfo(Unknown Source)
	at org.apache.hadoop.hdfs.DFSClient.getFileInfo(DFSClient.java:1770)
	at org.apache.hadoop.hdfs.DistributedFileSystem$29.doCall(DistributedFileSystem.java:1828)
	at org.apache.hadoop.hdfs.DistributedFileSystem$29.doCall(DistributedFileSystem.java:1825)
	at org.apache.hadoop.fs.FileSystemLinkResolver.resolve(FileSystemLinkResolver.java:81)
	at org.apache.hadoop.hdfs.DistributedFileSystem.getFileStatus(DistributedFileSystem.java:1840)
	at org.apache.hadoop.fs.FileSystem.exists(FileSystem.java:1860)
	at org.apache.hadoop.mapreduce.lib.output.FileOutputFormat.checkOutputSpecs(FileOutputFormat.java:163)
	at org.apache.hadoop.mapreduce.JobSubmitter.checkSpecs(JobSubmitter.java:278)
	at org.apache.hadoop.mapreduce.JobSubmitter.submitJobInternal(JobSubmitter.java:142)
	at org.apache.hadoop.mapreduce.Job$11.run(Job.java:1677)
	at org.apache.hadoop.mapreduce.Job$11.run(Job.java:1674)
	at java.base/java.security.AccessController.doPrivileged(Native Method)
	at java.base/javax.security.auth.Subject.doAs(Subject.java:423)
	at org.apache.hadoop.security.UserGroupInformation.doAs(UserGroupInformation.java:1953)
	at org.apache.hadoop.mapreduce.Job.submit(Job.java:1674)
	at org.apache.hadoop.mapreduce.Job.waitForCompletion(Job.java:1695)
	at org.healthcare.kpi.FrequentDiagnosesMR.main(FrequentDiagnosesMR.java:140)
	at java.base/jdk.internal.reflect.NativeMethodAccessorImpl.invoke0(Native Method)
	at java.base/jdk.internal.reflect.NativeMethodAccessorImpl.invoke(NativeMethodAccessorImpl.java:62)
	at java.base/jdk.internal.reflect.DelegatingMethodAccessorImpl.invoke(DelegatingMethodAccessorImpl.java:43)
	at java.base/java.lang.reflect.Method.invoke(Method.java:566)
	at org.apache.hadoop.util.RunJar.run(RunJar.java:330)
	at org.apache.hadoop.util.RunJar.main(RunJar.java:245)
Caused by: java.net.ConnectException: Connection refused
	at java.base/sun.nio.ch.SocketChannelImpl.checkConnect(Native Method)
	at java.base/sun.nio.ch.SocketChannelImpl.finishConnect(SocketChannelImpl.java:777)
	at org.apache.hadoop.net.SocketIOWithTimeout.connect(SocketIOWithTimeout.java:205)
	at org.apache.hadoop.net.NetUtils.connect(NetUtils.java:601)
	at org.apache.hadoop.ipc.Client$Connection.setupConnection(Client.java:668)
	at org.apache.hadoop.ipc.Client$Connection.setupIOstreams(Client.java:789)
	at org.apache.hadoop.ipc.Client$Connection.access$3800(Client.java:364)
	at org.apache.hadoop.ipc.Client.getConnection(Client.java:1649)
	at org.apache.hadoop.ipc.Client.call(Client.java:1473)
	... 40 more
